<?xml version="1.0" encoding="UTF-8" ?>
<testsuites>
<testsuite name="stripPunctuationOf" errors="0" tests="3" failures="3" time="0.005" timestamp="2014-12-18T15:29:39">
  <testcase classname="stripPunctuationOf" name="returns an object containing a key for words" time="0.004"><failure type="expect" message="ReferenceError: weirdTweet is not defined">ReferenceError: weirdTweet is not defined
    at null.&amp;lt;anonymous&amp;gt; (/Users/NoxAir/Development/makers-academy/final-project/mapp/spec/node/punctuationStripperSpec.js:6:29)
    at jasmine.Block.execute (/Users/NoxAir/Development/makers-academy/final-project/mapp/node_modules/grunt-jasmine-node/node_modules/jasmine-node/lib/jasmine-node/jasmine-1.3.1.js:1064:17)
    at jasmine.Queue.next_ (/Users/NoxAir/Development/makers-academy/final-project/mapp/node_modules/grunt-jasmine-node/node_modules/jasmine-node/lib/jasmine-node/jasmine-1.3.1.js:2096:31)
    at jasmine.Queue.start (/Users/NoxAir/Development/makers-academy/final-project/mapp/node_modules/grunt-jasmine-node/node_modules/jasmine-node/lib/jasmine-node/jasmine-1.3.1.js:2049:8)
    at jasmine.Spec.execute (/Users/NoxAir/Development/makers-academy/final-project/mapp/node_modules/grunt-jasmine-node/node_modules/jasmine-node/lib/jasmine-node/jasmine-1.3.1.js:2376:14)
    at jasmine.Queue.next_ (/Users/NoxAir/Development/makers-academy/final-project/mapp/node_modules/grunt-jasmine-node/node_modules/jasmine-node/lib/jasmine-node/jasmine-1.3.1.js:2096:31)
    at jasmine.Queue.start (/Users/NoxAir/Development/makers-academy/final-project/mapp/node_modules/grunt-jasmine-node/node_modules/jasmine-node/lib/jasmine-node/jasmine-1.3.1.js:2049:8)
    at jasmine.Suite.execute (/Users/NoxAir/Development/makers-academy/final-project/mapp/node_modules/grunt-jasmine-node/node_modules/jasmine-node/lib/jasmine-node/jasmine-1.3.1.js:2521:14)
    at jasmine.Queue.next_ (/Users/NoxAir/Development/makers-academy/final-project/mapp/node_modules/grunt-jasmine-node/node_modules/jasmine-node/lib/jasmine-node/jasmine-1.3.1.js:2096:31)
    at onComplete (/Users/NoxAir/Development/makers-academy/final-project/mapp/node_modules/grunt-jasmine-node/node_modules/jasmine-node/lib/jasmine-node/jasmine-1.3.1.js:2092:18)</failure></testcase>
  <testcase classname="stripPunctuationOf" name="strips punctuation from the text" time="0"><failure type="expect" message="ReferenceError: lotsOfPunctuation is not defined">ReferenceError: lotsOfPunctuation is not defined
    at null.&amp;lt;anonymous&amp;gt; (/Users/NoxAir/Development/makers-academy/final-project/mapp/spec/node/punctuationStripperSpec.js:10:29)
    at jasmine.Block.execute (/Users/NoxAir/Development/makers-academy/final-project/mapp/node_modules/grunt-jasmine-node/node_modules/jasmine-node/lib/jasmine-node/jasmine-1.3.1.js:1064:17)
    at jasmine.Queue.next_ (/Users/NoxAir/Development/makers-academy/final-project/mapp/node_modules/grunt-jasmine-node/node_modules/jasmine-node/lib/jasmine-node/jasmine-1.3.1.js:2096:31)
    at jasmine.Queue.start (/Users/NoxAir/Development/makers-academy/final-project/mapp/node_modules/grunt-jasmine-node/node_modules/jasmine-node/lib/jasmine-node/jasmine-1.3.1.js:2049:8)
    at jasmine.Spec.execute (/Users/NoxAir/Development/makers-academy/final-project/mapp/node_modules/grunt-jasmine-node/node_modules/jasmine-node/lib/jasmine-node/jasmine-1.3.1.js:2376:14)
    at jasmine.Queue.next_ (/Users/NoxAir/Development/makers-academy/final-project/mapp/node_modules/grunt-jasmine-node/node_modules/jasmine-node/lib/jasmine-node/jasmine-1.3.1.js:2096:31)
    at jasmine.Queue.start (/Users/NoxAir/Development/makers-academy/final-project/mapp/node_modules/grunt-jasmine-node/node_modules/jasmine-node/lib/jasmine-node/jasmine-1.3.1.js:2049:8)
    at jasmine.Suite.execute (/Users/NoxAir/Development/makers-academy/final-project/mapp/node_modules/grunt-jasmine-node/node_modules/jasmine-node/lib/jasmine-node/jasmine-1.3.1.js:2521:14)
    at jasmine.Queue.next_ (/Users/NoxAir/Development/makers-academy/final-project/mapp/node_modules/grunt-jasmine-node/node_modules/jasmine-node/lib/jasmine-node/jasmine-1.3.1.js:2096:31)
    at onComplete (/Users/NoxAir/Development/makers-academy/final-project/mapp/node_modules/grunt-jasmine-node/node_modules/jasmine-node/lib/jasmine-node/jasmine-1.3.1.js:2092:18)</failure></testcase>
  <testcase classname="stripPunctuationOf" name="returns the language of the tweet" time="0.001"><failure type="expect" message="ReferenceError: happyTweet is not defined">ReferenceError: happyTweet is not defined
    at null.&amp;lt;anonymous&amp;gt; (/Users/NoxAir/Development/makers-academy/final-project/mapp/spec/node/punctuationStripperSpec.js:14:29)
    at jasmine.Block.execute (/Users/NoxAir/Development/makers-academy/final-project/mapp/node_modules/grunt-jasmine-node/node_modules/jasmine-node/lib/jasmine-node/jasmine-1.3.1.js:1064:17)
    at jasmine.Queue.next_ (/Users/NoxAir/Development/makers-academy/final-project/mapp/node_modules/grunt-jasmine-node/node_modules/jasmine-node/lib/jasmine-node/jasmine-1.3.1.js:2096:31)
    at jasmine.Queue.start (/Users/NoxAir/Development/makers-academy/final-project/mapp/node_modules/grunt-jasmine-node/node_modules/jasmine-node/lib/jasmine-node/jasmine-1.3.1.js:2049:8)
    at jasmine.Spec.execute (/Users/NoxAir/Development/makers-academy/final-project/mapp/node_modules/grunt-jasmine-node/node_modules/jasmine-node/lib/jasmine-node/jasmine-1.3.1.js:2376:14)
    at jasmine.Queue.next_ (/Users/NoxAir/Development/makers-academy/final-project/mapp/node_modules/grunt-jasmine-node/node_modules/jasmine-node/lib/jasmine-node/jasmine-1.3.1.js:2096:31)
    at jasmine.Queue.start (/Users/NoxAir/Development/makers-academy/final-project/mapp/node_modules/grunt-jasmine-node/node_modules/jasmine-node/lib/jasmine-node/jasmine-1.3.1.js:2049:8)
    at jasmine.Suite.execute (/Users/NoxAir/Development/makers-academy/final-project/mapp/node_modules/grunt-jasmine-node/node_modules/jasmine-node/lib/jasmine-node/jasmine-1.3.1.js:2521:14)
    at jasmine.Queue.next_ (/Users/NoxAir/Development/makers-academy/final-project/mapp/node_modules/grunt-jasmine-node/node_modules/jasmine-node/lib/jasmine-node/jasmine-1.3.1.js:2096:31)
    at onComplete (/Users/NoxAir/Development/makers-academy/final-project/mapp/node_modules/grunt-jasmine-node/node_modules/jasmine-node/lib/jasmine-node/jasmine-1.3.1.js:2092:18)</failure></testcase>
</testsuite>
</testsuites>