<?xml version="1.0" encoding="UTF-8" ?>
<testsuites>
<testsuite name="Tweet" errors="0" tests="4" failures="4" time="0.001" timestamp="2014-12-18T15:29:39">
  <testcase classname="Tweet" name="is not empty" time="0"><failure type="expect" message="ReferenceError: unformattedTweet is not defined">ReferenceError: unformattedTweet is not defined
    at null.&amp;lt;anonymous&amp;gt; (/Users/NoxAir/Development/makers-academy/final-project/mapp/spec/node/tweetSpec.js:4:12)
    at jasmine.Block.execute (/Users/NoxAir/Development/makers-academy/final-project/mapp/node_modules/grunt-jasmine-node/node_modules/jasmine-node/lib/jasmine-node/jasmine-1.3.1.js:1064:17)
    at jasmine.Queue.next_ (/Users/NoxAir/Development/makers-academy/final-project/mapp/node_modules/grunt-jasmine-node/node_modules/jasmine-node/lib/jasmine-node/jasmine-1.3.1.js:2096:31)
    at jasmine.Queue.start (/Users/NoxAir/Development/makers-academy/final-project/mapp/node_modules/grunt-jasmine-node/node_modules/jasmine-node/lib/jasmine-node/jasmine-1.3.1.js:2049:8)
    at jasmine.Spec.execute (/Users/NoxAir/Development/makers-academy/final-project/mapp/node_modules/grunt-jasmine-node/node_modules/jasmine-node/lib/jasmine-node/jasmine-1.3.1.js:2376:14)
    at jasmine.Queue.next_ (/Users/NoxAir/Development/makers-academy/final-project/mapp/node_modules/grunt-jasmine-node/node_modules/jasmine-node/lib/jasmine-node/jasmine-1.3.1.js:2096:31)
    at jasmine.Queue.start (/Users/NoxAir/Development/makers-academy/final-project/mapp/node_modules/grunt-jasmine-node/node_modules/jasmine-node/lib/jasmine-node/jasmine-1.3.1.js:2049:8)
    at jasmine.Suite.execute (/Users/NoxAir/Development/makers-academy/final-project/mapp/node_modules/grunt-jasmine-node/node_modules/jasmine-node/lib/jasmine-node/jasmine-1.3.1.js:2521:14)
    at jasmine.Queue.next_ (/Users/NoxAir/Development/makers-academy/final-project/mapp/node_modules/grunt-jasmine-node/node_modules/jasmine-node/lib/jasmine-node/jasmine-1.3.1.js:2096:31)
    at onComplete (/Users/NoxAir/Development/makers-academy/final-project/mapp/node_modules/grunt-jasmine-node/node_modules/jasmine-node/lib/jasmine-node/jasmine-1.3.1.js:2092:18)</failure></testcase>
  <testcase classname="Tweet" name="has a value for text" time="0"><failure type="expect" message="ReferenceError: unformattedTweet is not defined">ReferenceError: unformattedTweet is not defined
    at null.&amp;lt;anonymous&amp;gt; (/Users/NoxAir/Development/makers-academy/final-project/mapp/spec/node/tweetSpec.js:8:12)
    at jasmine.Block.execute (/Users/NoxAir/Development/makers-academy/final-project/mapp/node_modules/grunt-jasmine-node/node_modules/jasmine-node/lib/jasmine-node/jasmine-1.3.1.js:1064:17)
    at jasmine.Queue.next_ (/Users/NoxAir/Development/makers-academy/final-project/mapp/node_modules/grunt-jasmine-node/node_modules/jasmine-node/lib/jasmine-node/jasmine-1.3.1.js:2096:31)
    at jasmine.Queue.start (/Users/NoxAir/Development/makers-academy/final-project/mapp/node_modules/grunt-jasmine-node/node_modules/jasmine-node/lib/jasmine-node/jasmine-1.3.1.js:2049:8)
    at jasmine.Spec.execute (/Users/NoxAir/Development/makers-academy/final-project/mapp/node_modules/grunt-jasmine-node/node_modules/jasmine-node/lib/jasmine-node/jasmine-1.3.1.js:2376:14)
    at jasmine.Queue.next_ (/Users/NoxAir/Development/makers-academy/final-project/mapp/node_modules/grunt-jasmine-node/node_modules/jasmine-node/lib/jasmine-node/jasmine-1.3.1.js:2096:31)
    at jasmine.Queue.start (/Users/NoxAir/Development/makers-academy/final-project/mapp/node_modules/grunt-jasmine-node/node_modules/jasmine-node/lib/jasmine-node/jasmine-1.3.1.js:2049:8)
    at jasmine.Suite.execute (/Users/NoxAir/Development/makers-academy/final-project/mapp/node_modules/grunt-jasmine-node/node_modules/jasmine-node/lib/jasmine-node/jasmine-1.3.1.js:2521:14)
    at jasmine.Queue.next_ (/Users/NoxAir/Development/makers-academy/final-project/mapp/node_modules/grunt-jasmine-node/node_modules/jasmine-node/lib/jasmine-node/jasmine-1.3.1.js:2096:31)
    at onComplete (/Users/NoxAir/Development/makers-academy/final-project/mapp/node_modules/grunt-jasmine-node/node_modules/jasmine-node/lib/jasmine-node/jasmine-1.3.1.js:2092:18)</failure></testcase>
  <testcase classname="Tweet" name="has a value for coordinates" time="0.001"><failure type="expect" message="ReferenceError: unformattedTweet is not defined">ReferenceError: unformattedTweet is not defined
    at null.&amp;lt;anonymous&amp;gt; (/Users/NoxAir/Development/makers-academy/final-project/mapp/spec/node/tweetSpec.js:12:12)
    at jasmine.Block.execute (/Users/NoxAir/Development/makers-academy/final-project/mapp/node_modules/grunt-jasmine-node/node_modules/jasmine-node/lib/jasmine-node/jasmine-1.3.1.js:1064:17)
    at jasmine.Queue.next_ (/Users/NoxAir/Development/makers-academy/final-project/mapp/node_modules/grunt-jasmine-node/node_modules/jasmine-node/lib/jasmine-node/jasmine-1.3.1.js:2096:31)
    at jasmine.Queue.start (/Users/NoxAir/Development/makers-academy/final-project/mapp/node_modules/grunt-jasmine-node/node_modules/jasmine-node/lib/jasmine-node/jasmine-1.3.1.js:2049:8)
    at jasmine.Spec.execute (/Users/NoxAir/Development/makers-academy/final-project/mapp/node_modules/grunt-jasmine-node/node_modules/jasmine-node/lib/jasmine-node/jasmine-1.3.1.js:2376:14)
    at jasmine.Queue.next_ (/Users/NoxAir/Development/makers-academy/final-project/mapp/node_modules/grunt-jasmine-node/node_modules/jasmine-node/lib/jasmine-node/jasmine-1.3.1.js:2096:31)
    at jasmine.Queue.start (/Users/NoxAir/Development/makers-academy/final-project/mapp/node_modules/grunt-jasmine-node/node_modules/jasmine-node/lib/jasmine-node/jasmine-1.3.1.js:2049:8)
    at jasmine.Suite.execute (/Users/NoxAir/Development/makers-academy/final-project/mapp/node_modules/grunt-jasmine-node/node_modules/jasmine-node/lib/jasmine-node/jasmine-1.3.1.js:2521:14)
    at jasmine.Queue.next_ (/Users/NoxAir/Development/makers-academy/final-project/mapp/node_modules/grunt-jasmine-node/node_modules/jasmine-node/lib/jasmine-node/jasmine-1.3.1.js:2096:31)
    at onComplete (/Users/NoxAir/Development/makers-academy/final-project/mapp/node_modules/grunt-jasmine-node/node_modules/jasmine-node/lib/jasmine-node/jasmine-1.3.1.js:2092:18)</failure></testcase>
  <testcase classname="Tweet" name="has a value for language" time="0"><failure type="expect" message="ReferenceError: unformattedTweet is not defined">ReferenceError: unformattedTweet is not defined
    at null.&amp;lt;anonymous&amp;gt; (/Users/NoxAir/Development/makers-academy/final-project/mapp/spec/node/tweetSpec.js:16:12)
    at jasmine.Block.execute (/Users/NoxAir/Development/makers-academy/final-project/mapp/node_modules/grunt-jasmine-node/node_modules/jasmine-node/lib/jasmine-node/jasmine-1.3.1.js:1064:17)
    at jasmine.Queue.next_ (/Users/NoxAir/Development/makers-academy/final-project/mapp/node_modules/grunt-jasmine-node/node_modules/jasmine-node/lib/jasmine-node/jasmine-1.3.1.js:2096:31)
    at jasmine.Queue.start (/Users/NoxAir/Development/makers-academy/final-project/mapp/node_modules/grunt-jasmine-node/node_modules/jasmine-node/lib/jasmine-node/jasmine-1.3.1.js:2049:8)
    at jasmine.Spec.execute (/Users/NoxAir/Development/makers-academy/final-project/mapp/node_modules/grunt-jasmine-node/node_modules/jasmine-node/lib/jasmine-node/jasmine-1.3.1.js:2376:14)
    at jasmine.Queue.next_ (/Users/NoxAir/Development/makers-academy/final-project/mapp/node_modules/grunt-jasmine-node/node_modules/jasmine-node/lib/jasmine-node/jasmine-1.3.1.js:2096:31)
    at jasmine.Queue.start (/Users/NoxAir/Development/makers-academy/final-project/mapp/node_modules/grunt-jasmine-node/node_modules/jasmine-node/lib/jasmine-node/jasmine-1.3.1.js:2049:8)
    at jasmine.Suite.execute (/Users/NoxAir/Development/makers-academy/final-project/mapp/node_modules/grunt-jasmine-node/node_modules/jasmine-node/lib/jasmine-node/jasmine-1.3.1.js:2521:14)
    at jasmine.Queue.next_ (/Users/NoxAir/Development/makers-academy/final-project/mapp/node_modules/grunt-jasmine-node/node_modules/jasmine-node/lib/jasmine-node/jasmine-1.3.1.js:2096:31)
    at onComplete (/Users/NoxAir/Development/makers-academy/final-project/mapp/node_modules/grunt-jasmine-node/node_modules/jasmine-node/lib/jasmine-node/jasmine-1.3.1.js:2092:18)</failure></testcase>
</testsuite>
</testsuites>