<?xml version="1.0" encoding="UTF-8" ?>
<testsuites>
<testsuite name="tweetStream" errors="0" tests="3" failures="0" time="0.005" timestamp="2014-12-18T15:29:39">
  <testcase classname="tweetStream" name="opens a stream" time="0.003"></testcase>
  <testcase classname="tweetStream" name="closes a stream" time="0"></testcase>
  <testcase classname="tweetStream" name="reopens a stream" time="0"></testcase>
</testsuite>
<testsuite name="tweetStream.reports the current status correctly" errors="0" tests="4" failures="0" time="0.001" timestamp="2014-12-18T15:29:39">
  <testcase classname="tweetStream.reports the current status correctly" name="begins false" time="0.001"></testcase>
  <testcase classname="tweetStream.reports the current status correctly" name="true after openStream()" time="0"></testcase>
  <testcase classname="tweetStream.reports the current status correctly" name="false after closeStream()" time="0"></testcase>
  <testcase classname="tweetStream.reports the current status correctly" name="true after reopenStream()" time="0"></testcase>
</testsuite>
</testsuites>