<?xml version="1.0" encoding="UTF-8" ?>
<testsuites>
<testsuite name="stripForSocket" errors="0" tests="2" failures="2" time="0.001" timestamp="2014-12-18T15:29:39">
  <testcase classname="stripForSocket" name="returns an object containing coordinates" time="0.001"><failure type="expect" message="ReferenceError: sadTweet is not defined">ReferenceError: sadTweet is not defined
    at null.&amp;lt;anonymous&amp;gt; (/Users/NoxAir/Development/makers-academy/final-project/mapp/spec/node/socketStripperSpec.js:6:25)
    at jasmine.Block.execute (/Users/NoxAir/Development/makers-academy/final-project/mapp/node_modules/grunt-jasmine-node/node_modules/jasmine-node/lib/jasmine-node/jasmine-1.3.1.js:1064:17)
    at jasmine.Queue.next_ (/Users/NoxAir/Development/makers-academy/final-project/mapp/node_modules/grunt-jasmine-node/node_modules/jasmine-node/lib/jasmine-node/jasmine-1.3.1.js:2096:31)
    at jasmine.Queue.start (/Users/NoxAir/Development/makers-academy/final-project/mapp/node_modules/grunt-jasmine-node/node_modules/jasmine-node/lib/jasmine-node/jasmine-1.3.1.js:2049:8)
    at jasmine.Spec.execute (/Users/NoxAir/Development/makers-academy/final-project/mapp/node_modules/grunt-jasmine-node/node_modules/jasmine-node/lib/jasmine-node/jasmine-1.3.1.js:2376:14)
    at jasmine.Queue.next_ (/Users/NoxAir/Development/makers-academy/final-project/mapp/node_modules/grunt-jasmine-node/node_modules/jasmine-node/lib/jasmine-node/jasmine-1.3.1.js:2096:31)
    at jasmine.Queue.start (/Users/NoxAir/Development/makers-academy/final-project/mapp/node_modules/grunt-jasmine-node/node_modules/jasmine-node/lib/jasmine-node/jasmine-1.3.1.js:2049:8)
    at jasmine.Suite.execute (/Users/NoxAir/Development/makers-academy/final-project/mapp/node_modules/grunt-jasmine-node/node_modules/jasmine-node/lib/jasmine-node/jasmine-1.3.1.js:2521:14)
    at jasmine.Queue.next_ (/Users/NoxAir/Development/makers-academy/final-project/mapp/node_modules/grunt-jasmine-node/node_modules/jasmine-node/lib/jasmine-node/jasmine-1.3.1.js:2096:31)
    at onComplete (/Users/NoxAir/Development/makers-academy/final-project/mapp/node_modules/grunt-jasmine-node/node_modules/jasmine-node/lib/jasmine-node/jasmine-1.3.1.js:2092:18)</failure></testcase>
  <testcase classname="stripForSocket" name="returns an object containing a colour" time="0"><failure type="expect" message="ReferenceError: sadTweet is not defined">ReferenceError: sadTweet is not defined
    at null.&amp;lt;anonymous&amp;gt; (/Users/NoxAir/Development/makers-academy/final-project/mapp/spec/node/socketStripperSpec.js:10:25)
    at jasmine.Block.execute (/Users/NoxAir/Development/makers-academy/final-project/mapp/node_modules/grunt-jasmine-node/node_modules/jasmine-node/lib/jasmine-node/jasmine-1.3.1.js:1064:17)
    at jasmine.Queue.next_ (/Users/NoxAir/Development/makers-academy/final-project/mapp/node_modules/grunt-jasmine-node/node_modules/jasmine-node/lib/jasmine-node/jasmine-1.3.1.js:2096:31)
    at jasmine.Queue.start (/Users/NoxAir/Development/makers-academy/final-project/mapp/node_modules/grunt-jasmine-node/node_modules/jasmine-node/lib/jasmine-node/jasmine-1.3.1.js:2049:8)
    at jasmine.Spec.execute (/Users/NoxAir/Development/makers-academy/final-project/mapp/node_modules/grunt-jasmine-node/node_modules/jasmine-node/lib/jasmine-node/jasmine-1.3.1.js:2376:14)
    at jasmine.Queue.next_ (/Users/NoxAir/Development/makers-academy/final-project/mapp/node_modules/grunt-jasmine-node/node_modules/jasmine-node/lib/jasmine-node/jasmine-1.3.1.js:2096:31)
    at jasmine.Queue.start (/Users/NoxAir/Development/makers-academy/final-project/mapp/node_modules/grunt-jasmine-node/node_modules/jasmine-node/lib/jasmine-node/jasmine-1.3.1.js:2049:8)
    at jasmine.Suite.execute (/Users/NoxAir/Development/makers-academy/final-project/mapp/node_modules/grunt-jasmine-node/node_modules/jasmine-node/lib/jasmine-node/jasmine-1.3.1.js:2521:14)
    at jasmine.Queue.next_ (/Users/NoxAir/Development/makers-academy/final-project/mapp/node_modules/grunt-jasmine-node/node_modules/jasmine-node/lib/jasmine-node/jasmine-1.3.1.js:2096:31)
    at onComplete (/Users/NoxAir/Development/makers-academy/final-project/mapp/node_modules/grunt-jasmine-node/node_modules/jasmine-node/lib/jasmine-node/jasmine-1.3.1.js:2092:18)</failure></testcase>
</testsuite>
</testsuites>