<?xml version="1.0" encoding="UTF-8" ?>
<testsuites>
<testsuite name="pickColour" errors="0" tests="3" failures="0" time="0.001" timestamp="2014-12-18T15:29:39">
  <testcase classname="pickColour" name="returns &amp;apos;yellow&amp;apos; when given a positive value" time="0.001"></testcase>
  <testcase classname="pickColour" name="returns &amp;apos;red&amp;apos; when given a negative value" time="0"></testcase>
  <testcase classname="pickColour" name="returns &amp;apos;#54A6E4&amp;apos; when given 0" time="0"></testcase>
</testsuite>
</testsuites>