<?xml version="1.0" encoding="UTF-8" ?>
<testsuites>
<testsuite name="tweetFormatter" errors="0" tests="3" failures="3" time="0.003" timestamp="2014-12-18T15:29:39">
  <testcase classname="tweetFormatter" name="outputs the text value of a tweet" time="0"><failure type="expect" message="ReferenceError: unformattedTweet is not defined">ReferenceError: unformattedTweet is not defined
    at null.&amp;lt;anonymous&amp;gt; (/Users/NoxAir/Development/makers-academy/final-project/mapp/spec/node/tweetFormatterSpec.js:6:24)
    at jasmine.Block.execute (/Users/NoxAir/Development/makers-academy/final-project/mapp/node_modules/grunt-jasmine-node/node_modules/jasmine-node/lib/jasmine-node/jasmine-1.3.1.js:1064:17)
    at jasmine.Queue.next_ (/Users/NoxAir/Development/makers-academy/final-project/mapp/node_modules/grunt-jasmine-node/node_modules/jasmine-node/lib/jasmine-node/jasmine-1.3.1.js:2096:31)
    at jasmine.Queue.start (/Users/NoxAir/Development/makers-academy/final-project/mapp/node_modules/grunt-jasmine-node/node_modules/jasmine-node/lib/jasmine-node/jasmine-1.3.1.js:2049:8)
    at jasmine.Spec.execute (/Users/NoxAir/Development/makers-academy/final-project/mapp/node_modules/grunt-jasmine-node/node_modules/jasmine-node/lib/jasmine-node/jasmine-1.3.1.js:2376:14)
    at jasmine.Queue.next_ (/Users/NoxAir/Development/makers-academy/final-project/mapp/node_modules/grunt-jasmine-node/node_modules/jasmine-node/lib/jasmine-node/jasmine-1.3.1.js:2096:31)
    at jasmine.Queue.start (/Users/NoxAir/Development/makers-academy/final-project/mapp/node_modules/grunt-jasmine-node/node_modules/jasmine-node/lib/jasmine-node/jasmine-1.3.1.js:2049:8)
    at jasmine.Suite.execute (/Users/NoxAir/Development/makers-academy/final-project/mapp/node_modules/grunt-jasmine-node/node_modules/jasmine-node/lib/jasmine-node/jasmine-1.3.1.js:2521:14)
    at jasmine.Queue.next_ (/Users/NoxAir/Development/makers-academy/final-project/mapp/node_modules/grunt-jasmine-node/node_modules/jasmine-node/lib/jasmine-node/jasmine-1.3.1.js:2096:31)
    at onComplete (/Users/NoxAir/Development/makers-academy/final-project/mapp/node_modules/grunt-jasmine-node/node_modules/jasmine-node/lib/jasmine-node/jasmine-1.3.1.js:2092:18)</failure></testcase>
  <testcase classname="tweetFormatter" name="outputs the coordinates of a tweet so that there are no negative values" time="0.002"><failure type="expect" message="ReferenceError: unformattedTweet is not defined">ReferenceError: unformattedTweet is not defined
    at null.&amp;lt;anonymous&amp;gt; (/Users/NoxAir/Development/makers-academy/final-project/mapp/spec/node/tweetFormatterSpec.js:10:24)
    at jasmine.Block.execute (/Users/NoxAir/Development/makers-academy/final-project/mapp/node_modules/grunt-jasmine-node/node_modules/jasmine-node/lib/jasmine-node/jasmine-1.3.1.js:1064:17)
    at jasmine.Queue.next_ (/Users/NoxAir/Development/makers-academy/final-project/mapp/node_modules/grunt-jasmine-node/node_modules/jasmine-node/lib/jasmine-node/jasmine-1.3.1.js:2096:31)
    at jasmine.Queue.start (/Users/NoxAir/Development/makers-academy/final-project/mapp/node_modules/grunt-jasmine-node/node_modules/jasmine-node/lib/jasmine-node/jasmine-1.3.1.js:2049:8)
    at jasmine.Spec.execute (/Users/NoxAir/Development/makers-academy/final-project/mapp/node_modules/grunt-jasmine-node/node_modules/jasmine-node/lib/jasmine-node/jasmine-1.3.1.js:2376:14)
    at jasmine.Queue.next_ (/Users/NoxAir/Development/makers-academy/final-project/mapp/node_modules/grunt-jasmine-node/node_modules/jasmine-node/lib/jasmine-node/jasmine-1.3.1.js:2096:31)
    at jasmine.Queue.start (/Users/NoxAir/Development/makers-academy/final-project/mapp/node_modules/grunt-jasmine-node/node_modules/jasmine-node/lib/jasmine-node/jasmine-1.3.1.js:2049:8)
    at jasmine.Suite.execute (/Users/NoxAir/Development/makers-academy/final-project/mapp/node_modules/grunt-jasmine-node/node_modules/jasmine-node/lib/jasmine-node/jasmine-1.3.1.js:2521:14)
    at jasmine.Queue.next_ (/Users/NoxAir/Development/makers-academy/final-project/mapp/node_modules/grunt-jasmine-node/node_modules/jasmine-node/lib/jasmine-node/jasmine-1.3.1.js:2096:31)
    at onComplete (/Users/NoxAir/Development/makers-academy/final-project/mapp/node_modules/grunt-jasmine-node/node_modules/jasmine-node/lib/jasmine-node/jasmine-1.3.1.js:2092:18)</failure></testcase>
  <testcase classname="tweetFormatter" name="outputs the language of a tweet" time="0"><failure type="expect" message="ReferenceError: unformattedTweet is not defined">ReferenceError: unformattedTweet is not defined
    at null.&amp;lt;anonymous&amp;gt; (/Users/NoxAir/Development/makers-academy/final-project/mapp/spec/node/tweetFormatterSpec.js:14:24)
    at jasmine.Block.execute (/Users/NoxAir/Development/makers-academy/final-project/mapp/node_modules/grunt-jasmine-node/node_modules/jasmine-node/lib/jasmine-node/jasmine-1.3.1.js:1064:17)
    at jasmine.Queue.next_ (/Users/NoxAir/Development/makers-academy/final-project/mapp/node_modules/grunt-jasmine-node/node_modules/jasmine-node/lib/jasmine-node/jasmine-1.3.1.js:2096:31)
    at jasmine.Queue.start (/Users/NoxAir/Development/makers-academy/final-project/mapp/node_modules/grunt-jasmine-node/node_modules/jasmine-node/lib/jasmine-node/jasmine-1.3.1.js:2049:8)
    at jasmine.Spec.execute (/Users/NoxAir/Development/makers-academy/final-project/mapp/node_modules/grunt-jasmine-node/node_modules/jasmine-node/lib/jasmine-node/jasmine-1.3.1.js:2376:14)
    at jasmine.Queue.next_ (/Users/NoxAir/Development/makers-academy/final-project/mapp/node_modules/grunt-jasmine-node/node_modules/jasmine-node/lib/jasmine-node/jasmine-1.3.1.js:2096:31)
    at jasmine.Queue.start (/Users/NoxAir/Development/makers-academy/final-project/mapp/node_modules/grunt-jasmine-node/node_modules/jasmine-node/lib/jasmine-node/jasmine-1.3.1.js:2049:8)
    at jasmine.Suite.execute (/Users/NoxAir/Development/makers-academy/final-project/mapp/node_modules/grunt-jasmine-node/node_modules/jasmine-node/lib/jasmine-node/jasmine-1.3.1.js:2521:14)
    at jasmine.Queue.next_ (/Users/NoxAir/Development/makers-academy/final-project/mapp/node_modules/grunt-jasmine-node/node_modules/jasmine-node/lib/jasmine-node/jasmine-1.3.1.js:2096:31)
    at onComplete (/Users/NoxAir/Development/makers-academy/final-project/mapp/node_modules/grunt-jasmine-node/node_modules/jasmine-node/lib/jasmine-node/jasmine-1.3.1.js:2092:18)</failure></testcase>
</testsuite>
</testsuites>